21:13:59:352  INFO 10120 --- [main] com.hmall.HMallApplication               : Starting HMallApplication using Java 17.0.7 on LAPTOP-UP3PE7GP with PID 10120 (D:\学习资料存放处\微服务项目\heima24\day03-微服务01\hmall\hm-service\target\classes started by 许展沛 in D:\学习资料存放处\微服务项目\heima24\day03-微服务01\hmall)
21:13:59:373 DEBUG 10120 --- [main] com.hmall.HMallApplication               : Running with Spring Boot v2.7.12, Spring v5.3.27
21:13:59:375  INFO 10120 --- [main] com.hmall.HMallApplication               : The following 1 profile is active: "dev"
21:14:00:803  INFO 10120 --- [main] .s.d.r.c.RepositoryConfigurationDelegate : Multiple Spring Data modules found, entering strict repository configuration mode
21:14:00:812  INFO 10120 --- [main] .s.d.r.c.RepositoryConfigurationDelegate : Bootstrapping Spring Data Redis repositories in DEFAULT mode.
21:14:00:862  INFO 10120 --- [main] .s.d.r.c.RepositoryConfigurationDelegate : Finished Spring Data repository scanning in 23 ms. Found 0 Redis repository interfaces.
21:14:01:565  INFO 10120 --- [main] o.s.b.w.embedded.tomcat.TomcatWebServer  : Tomcat initialized with port(s): 8080 (http)
21:14:01:566  INFO 10120 --- [main] o.a.catalina.core.AprLifecycleListener   : Loaded Apache Tomcat Native library [2.0.5] using APR version [1.7.4].
21:14:01:566  INFO 10120 --- [main] o.a.catalina.core.AprLifecycleListener   : APR capabilities: IPv6 [true], sendfile [true], accept filters [false], random [true], UDS [true].
21:14:01:567  INFO 10120 --- [main] o.a.catalina.core.AprLifecycleListener   : APR/OpenSSL configuration: useAprConnector [false], useOpenSSL [true]
21:14:01:571  INFO 10120 --- [main] o.a.catalina.core.AprLifecycleListener   : OpenSSL successfully initialized [OpenSSL 3.0.10 1 Aug 2023]
21:14:01:580  INFO 10120 --- [main] o.apache.catalina.core.StandardService   : Starting service [Tomcat]
21:14:01:580  INFO 10120 --- [main] org.apache.catalina.core.StandardEngine  : Starting Servlet engine: [Apache Tomcat/9.0.75]
21:14:01:696  INFO 10120 --- [main] o.a.c.c.C.[Tomcat].[localhost].[/]       : Initializing Spring embedded WebApplicationContext
21:14:01:696  INFO 10120 --- [main] w.s.c.ServletWebServerApplicationContext : Root WebApplicationContext: initialization completed in 2185 ms
21:14:03:589  INFO 10120 --- [main] pertySourcedRequestMappingHandlerMapping : Mapped URL path [/v2/api-docs] onto method [springfox.documentation.swagger2.web.Swagger2ControllerWebMvc#getDocumentation(String, HttpServletRequest)]
21:14:04:548  INFO 10120 --- [main] o.s.b.w.embedded.tomcat.TomcatWebServer  : Tomcat started on port(s): 8080 (http) with context path ''
21:14:04:549  INFO 10120 --- [main] d.s.w.p.DocumentationPluginsBootstrapper : Documentation plugins bootstrapped
21:14:04:555  INFO 10120 --- [main] d.s.w.p.DocumentationPluginsBootstrapper : Found 1 custom documentation plugin(s)
21:14:04:600  INFO 10120 --- [main] s.d.s.w.s.ApiListingReferenceScanner     : Scanning for api listing references
21:14:04:879  INFO 10120 --- [main] com.hmall.HMallApplication               : Started HMallApplication in 6.408 seconds (JVM running for 7.113)
