11:39:48:072  INFO 22836 --- [main] com.hmall.gateway.GatewayApplication     : The following 1 profile is active: "dev"
11:39:48:700  INFO 22836 --- [main] o.s.cloud.context.scope.GenericScope     : BeanFactory id=c1458138-498d-3131-8f1d-2eb53ae7e16c
11:39:48:751  INFO 22836 --- [main] trationDelegate$BeanPostProcessorChecker : Bean 'org.springframework.cloud.client.loadbalancer.reactive.LoadBalancerBeanPostProcessorAutoConfiguration' of type [org.springframework.cloud.client.loadbalancer.reactive.LoadBalancerBeanPostProcessorAutoConfiguration] is not eligible for getting processed by all BeanPostProcessors (for example: not eligible for auto-proxying)
11:39:48:752  INFO 22836 --- [main] trationDelegate$BeanPostProcessorChecker : Bean 'org.springframework.cloud.client.loadbalancer.reactive.LoadBalancerBeanPostProcessorAutoConfiguration$ReactorDeferringLoadBalancerFilterConfig' of type [org.springframework.cloud.client.loadbalancer.reactive.LoadBalancerBeanPostProcessorAutoConfiguration$ReactorDeferringLoadBalancerFilterConfig] is not eligible for getting processed by all BeanPostProcessors (for example: not eligible for auto-proxying)
11:39:48:753  INFO 22836 --- [main] trationDelegate$BeanPostProcessorChecker : Bean 'reactorDeferringLoadBalancerExchangeFilterFunction' of type [org.springframework.cloud.client.loadbalancer.reactive.DeferringLoadBalancerExchangeFilterFunction] is not eligible for getting processed by all BeanPostProcessors (for example: not eligible for auto-proxying)
11:39:49:424 DEBUG 22836 --- [main] c.h.gateway.routers.DynamicRouteLoader   : 监听到路由配置信息：[
    {
        "id": "item",
        "predicates": [{
            "name": "Path",
            "args": {"_genkey_0":"/items/**", "_genkey_1":"/search/**"}
        }],
        "filters": [],
        "uri": "lb://item-service"
    },
    {
        "id": "cart",
        "predicates": [{
            "name": "Path",
            "args": {"_genkey_0":"/carts/**"}
        }],
        "filters": [],
        "uri": "lb://cart-service"
    },
    {
        "id": "user",
        "predicates": [{
            "name": "Path",
            "args": {"_genkey_0":"/users/**", "_genkey_1":"/addresses/**"}
        }],
        "filters": [],
        "uri": "lb://user-service"
    },
    {
        "id": "trade",
        "predicates": [{
            "name": "Path",
            "args": {"_genkey_0":"/orders/**"}
        }],
        "filters": [],
        "uri": "lb://trade-service"
    },
    {
        "id": "pay",
        "predicates": [{
            "name": "Path",
            "args": {"_genkey_0":"/pay-orders/**"}
        }],
        "filters": [],
        "uri": "lb://pay-service"
    }
]
11:39:50:962  INFO 22836 --- [main] o.s.cloud.commons.util.InetUtils         : Cannot determine local hostname
11:39:52:130  INFO 22836 --- [main] o.s.cloud.commons.util.InetUtils         : Cannot determine local hostname
11:39:52:364  INFO 22836 --- [main] o.s.c.g.r.RouteDefinitionRouteLocator    : Loaded RoutePredicateFactory [After]
11:39:52:364  INFO 22836 --- [main] o.s.c.g.r.RouteDefinitionRouteLocator    : Loaded RoutePredicateFactory [Before]
11:39:52:364  INFO 22836 --- [main] o.s.c.g.r.RouteDefinitionRouteLocator    : Loaded RoutePredicateFactory [Between]
11:39:52:364  INFO 22836 --- [main] o.s.c.g.r.RouteDefinitionRouteLocator    : Loaded RoutePredicateFactory [Cookie]
11:39:52:364  INFO 22836 --- [main] o.s.c.g.r.RouteDefinitionRouteLocator    : Loaded RoutePredicateFactory [Header]
11:39:52:365  INFO 22836 --- [main] o.s.c.g.r.RouteDefinitionRouteLocator    : Loaded RoutePredicateFactory [Host]
11:39:52:365  INFO 22836 --- [main] o.s.c.g.r.RouteDefinitionRouteLocator    : Loaded RoutePredicateFactory [Method]
11:39:52:365  INFO 22836 --- [main] o.s.c.g.r.RouteDefinitionRouteLocator    : Loaded RoutePredicateFactory [Path]
11:39:52:365  INFO 22836 --- [main] o.s.c.g.r.RouteDefinitionRouteLocator    : Loaded RoutePredicateFactory [Query]
11:39:52:365  INFO 22836 --- [main] o.s.c.g.r.RouteDefinitionRouteLocator    : Loaded RoutePredicateFactory [ReadBody]
11:39:52:365  INFO 22836 --- [main] o.s.c.g.r.RouteDefinitionRouteLocator    : Loaded RoutePredicateFactory [RemoteAddr]
11:39:52:365  INFO 22836 --- [main] o.s.c.g.r.RouteDefinitionRouteLocator    : Loaded RoutePredicateFactory [XForwardedRemoteAddr]
11:39:52:365  INFO 22836 --- [main] o.s.c.g.r.RouteDefinitionRouteLocator    : Loaded RoutePredicateFactory [Weight]
11:39:52:365  INFO 22836 --- [main] o.s.c.g.r.RouteDefinitionRouteLocator    : Loaded RoutePredicateFactory [CloudFoundryRouteService]
11:39:53:672  INFO 22836 --- [main] o.s.cloud.commons.util.InetUtils         : Cannot determine local hostname
11:39:53:985  INFO 22836 --- [main] com.alibaba.nacos.common.remote.client   : [RpcClientFactory] create a new rpc client of 59699aa3-785b-488c-bc92-d2db030042af
11:39:53:985  INFO 22836 --- [main] com.alibaba.nacos.common.remote.client   : [59699aa3-785b-488c-bc92-d2db030042af] RpcClient init label, labels = {module=naming, source=sdk}
11:39:53:987  INFO 22836 --- [main] com.alibaba.nacos.common.remote.client   : [59699aa3-785b-488c-bc92-d2db030042af] RpcClient init, ServerListFactory = com.alibaba.nacos.client.naming.core.ServerListManager
11:39:53:988  INFO 22836 --- [main] com.alibaba.nacos.common.remote.client   : [59699aa3-785b-488c-bc92-d2db030042af] Registry connection listener to current client:com.alibaba.nacos.client.naming.remote.gprc.redo.NamingGrpcRedoService
11:39:53:988  INFO 22836 --- [main] com.alibaba.nacos.common.remote.client   : [59699aa3-785b-488c-bc92-d2db030042af] Register server push request handler:com.alibaba.nacos.client.naming.remote.gprc.NamingPushRequestHandler
11:39:53:989  INFO 22836 --- [main] com.alibaba.nacos.common.remote.client   : [59699aa3-785b-488c-bc92-d2db030042af] Try to connect to server on start up, server: {serverIp = '192.168.200.130', server main port = 8848}
11:39:54:130  INFO 22836 --- [main] com.alibaba.nacos.common.remote.client   : [59699aa3-785b-488c-bc92-d2db030042af] Success to connect to server [192.168.200.130:8848] on start up, connectionId = 1732851585706_192.168.200.1_50246
11:39:54:130  INFO 22836 --- [main] com.alibaba.nacos.common.remote.client   : [59699aa3-785b-488c-bc92-d2db030042af] Register server push request handler:com.alibaba.nacos.common.remote.client.RpcClient$ConnectResetRequestHandler
11:39:54:130  INFO 22836 --- [com.alibaba.nacos.client.remote.worker] com.alibaba.nacos.common.remote.client   : [59699aa3-785b-488c-bc92-d2db030042af] Notify connected event to listeners.
11:39:54:130  INFO 22836 --- [main] com.alibaba.nacos.common.remote.client   : [59699aa3-785b-488c-bc92-d2db030042af] Register server push request handler:com.alibaba.nacos.common.remote.client.RpcClient$$Lambda$477/0x00000008010b9450
11:39:54:316  INFO 22836 --- [main] o.s.b.web.embedded.netty.NettyWebServer  : Netty started on port 8080
11:39:54:672  INFO 22836 --- [nacos-grpc-client-executor-6] com.alibaba.nacos.common.remote.client   : [59699aa3-785b-488c-bc92-d2db030042af] Receive server push request, request = NotifySubscriberRequest, requestId = 4
11:39:54:673  INFO 22836 --- [nacos-grpc-client-executor-6] com.alibaba.nacos.common.remote.client   : [59699aa3-785b-488c-bc92-d2db030042af] Ack server push request, request = NotifySubscriberRequest, requestId = 4
11:39:55:467  INFO 22836 --- [main] o.s.cloud.commons.util.InetUtils         : Cannot determine local hostname
11:39:56:664  INFO 22836 --- [main] o.s.cloud.commons.util.InetUtils         : Cannot determine local hostname
11:39:56:677  INFO 22836 --- [main] c.a.c.n.registry.NacosServiceRegistry    : nacos registry, DEFAULT_GROUP gateway 192.168.200.1:8080 register finished
11:39:56:696  INFO 22836 --- [main] com.hmall.gateway.GatewayApplication     : Started GatewayApplication in 12.783 seconds (JVM running for 13.18)
11:39:56:699  INFO 22836 --- [main] c.a.c.n.refresh.NacosContextRefresher    : [Nacos Config] Listening config: dataId=gateway.yaml, group=DEFAULT_GROUP
11:39:56:700  INFO 22836 --- [main] c.a.c.n.refresh.NacosContextRefresher    : [Nacos Config] Listening config: dataId=gateway-dev.yaml, group=DEFAULT_GROUP
11:39:56:700  INFO 22836 --- [main] c.a.c.n.refresh.NacosContextRefresher    : [Nacos Config] Listening config: dataId=gateway, group=DEFAULT_GROUP
11:39:57:206  INFO 22836 --- [nacos-grpc-client-executor-10] com.alibaba.nacos.common.remote.client   : [59699aa3-785b-488c-bc92-d2db030042af] Receive server push request, request = NotifySubscriberRequest, requestId = 8
11:39:57:209  INFO 22836 --- [nacos-grpc-client-executor-10] com.alibaba.nacos.common.remote.client   : [59699aa3-785b-488c-bc92-d2db030042af] Ack server push request, request = NotifySubscriberRequest, requestId = 8
12:09:49:406  WARN 22836 --- [Thread-1] c.a.n.common.http.HttpClientBeanHolder   : [HttpClientBeanHolder] Start destroying common HttpClient
12:09:49:406  WARN 22836 --- [Thread-5] c.a.nacos.common.notify.NotifyCenter     : [NotifyCenter] Start destroying Publisher
12:09:49:412  WARN 22836 --- [Thread-5] c.a.nacos.common.notify.NotifyCenter     : [NotifyCenter] Destruction of the end
12:09:49:415  WARN 22836 --- [Thread-1] c.a.n.common.http.HttpClientBeanHolder   : [HttpClientBeanHolder] Destruction of the end
12:09:49:535  INFO 22836 --- [SpringApplicationShutdownHook] c.a.c.n.registry.NacosServiceRegistry    : De-registering from Nacos Server now...
12:09:49:543  INFO 22836 --- [SpringApplicationShutdownHook] c.a.c.n.registry.NacosServiceRegistry    : De-registration finished.
12:09:49:886  INFO 22836 --- [SpringApplicationShutdownHook] com.alibaba.nacos.common.remote.client   : Shutdown rpc client, set status to shutdown
12:09:49:888  INFO 22836 --- [SpringApplicationShutdownHook] com.alibaba.nacos.common.remote.client   : Shutdown client event executor java.util.concurrent.ScheduledThreadPoolExecutor@1fd65d8c[Running, pool size = 2, active threads = 2, queued tasks = 0, completed tasks = 0]
12:09:49:888  INFO 22836 --- [SpringApplicationShutdownHook] com.alibaba.nacos.common.remote.client   : Close current connection 1732851585706_192.168.200.1_50246
12:09:49:892  INFO 22836 --- [nacos-grpc-client-executor-379] c.a.n.c.remote.client.grpc.GrpcClient    : [1732851585706_192.168.200.1_50246]Ignore complete event,isRunning:false,isAbandon=false
12:09:49:905  INFO 22836 --- [SpringApplicationShutdownHook] c.a.n.c.remote.client.grpc.GrpcClient    : Shutdown grpc executor java.util.concurrent.ThreadPoolExecutor@16ca212e[Running, pool size = 5, active threads = 0, queued tasks = 0, completed tasks = 380]
