19:31:48:030  INFO 20492 --- [main] com.hmall.user.UserApplication           : Starting UserApplication using Java 17.0.7 on LAPTOP-UP3PE7GP with PID 20492 (D:\学习资料存放处\微服务项目\heima24\day03-微服务01\hmall\user-service\target\classes started by 许展沛 in D:\学习资料存放处\微服务项目\heima24\day03-微服务01\hmall)
19:31:48:036 DEBUG 20492 --- [main] com.hmall.user.UserApplication           : Running with Spring Boot v2.7.12, Spring v5.3.27
19:31:48:036  INFO 20492 --- [main] com.hmall.user.UserApplication           : The following 1 profile is active: "local"
19:31:48:881  INFO 20492 --- [main] o.s.cloud.context.scope.GenericScope     : BeanFactory id=abbca919-5320-32ce-8647-44e88da2995d
19:31:49:238  INFO 20492 --- [main] o.s.b.w.embedded.tomcat.TomcatWebServer  : Tomcat initialized with port(s): 8084 (http)
19:31:49:239  INFO 20492 --- [main] o.a.catalina.core.AprLifecycleListener   : Loaded Apache Tomcat Native library [2.0.5] using APR version [1.7.4].
19:31:49:240  INFO 20492 --- [main] o.a.catalina.core.AprLifecycleListener   : APR capabilities: IPv6 [true], sendfile [true], accept filters [false], random [true], UDS [true].
19:31:49:240  INFO 20492 --- [main] o.a.catalina.core.AprLifecycleListener   : APR/OpenSSL configuration: useAprConnector [false], useOpenSSL [true]
19:31:49:244  INFO 20492 --- [main] o.a.catalina.core.AprLifecycleListener   : OpenSSL successfully initialized [OpenSSL 3.0.10 1 Aug 2023]
19:31:49:260  INFO 20492 --- [main] o.apache.catalina.core.StandardService   : Starting service [Tomcat]
19:31:49:261  INFO 20492 --- [main] org.apache.catalina.core.StandardEngine  : Starting Servlet engine: [Apache Tomcat/9.0.75]
19:31:49:434  INFO 20492 --- [main] o.a.c.c.C.[Tomcat].[localhost].[/]       : Initializing Spring embedded WebApplicationContext
19:31:49:435  INFO 20492 --- [main] w.s.c.ServletWebServerApplicationContext : Root WebApplicationContext: initialization completed in 1353 ms
19:31:51:993  INFO 20492 --- [main] o.s.cloud.commons.util.InetUtils         : Cannot determine local hostname
19:31:52:020  INFO 20492 --- [main] pertySourcedRequestMappingHandlerMapping : Mapped URL path [/v2/api-docs] onto method [springfox.documentation.swagger2.web.Swagger2ControllerWebMvc#getDocumentation(String, HttpServletRequest)]
19:31:53:343  INFO 20492 --- [main] o.s.cloud.commons.util.InetUtils         : Cannot determine local hostname
19:31:53:607  INFO 20492 --- [main] com.alibaba.nacos.common.remote.client   : [RpcClientFactory] create a new rpc client of 24a4ba93-d433-4bb9-877b-748089cb0682
19:31:53:649  INFO 20492 --- [main] org.reflections.Reflections              : Reflections took 17 ms to scan 1 urls, producing 3 keys and 6 values 
19:31:53:667  INFO 20492 --- [main] org.reflections.Reflections              : Reflections took 4 ms to scan 1 urls, producing 4 keys and 9 values 
19:31:53:672  INFO 20492 --- [main] org.reflections.Reflections              : Reflections took 4 ms to scan 1 urls, producing 3 keys and 10 values 
19:31:53:673  WARN 20492 --- [main] org.reflections.Reflections              : given scan urls are empty. set urls in the configuration
19:31:53:681  INFO 20492 --- [main] org.reflections.Reflections              : Reflections took 7 ms to scan 1 urls, producing 1 keys and 5 values 
19:31:53:687  INFO 20492 --- [main] org.reflections.Reflections              : Reflections took 3 ms to scan 1 urls, producing 1 keys and 7 values 
19:31:53:691  INFO 20492 --- [main] org.reflections.Reflections              : Reflections took 3 ms to scan 1 urls, producing 2 keys and 8 values 
19:31:53:692  WARN 20492 --- [main] org.reflections.Reflections              : given scan urls are empty. set urls in the configuration
19:31:53:693  INFO 20492 --- [main] com.alibaba.nacos.common.remote.client   : [24a4ba93-d433-4bb9-877b-748089cb0682] RpcClient init label, labels = {module=naming, source=sdk}
19:31:53:694  INFO 20492 --- [main] com.alibaba.nacos.common.remote.client   : [24a4ba93-d433-4bb9-877b-748089cb0682] RpcClient init, ServerListFactory = com.alibaba.nacos.client.naming.core.ServerListManager
19:31:53:694  INFO 20492 --- [main] com.alibaba.nacos.common.remote.client   : [24a4ba93-d433-4bb9-877b-748089cb0682] Registry connection listener to current client:com.alibaba.nacos.client.naming.remote.gprc.redo.NamingGrpcRedoService
19:31:53:694  INFO 20492 --- [main] com.alibaba.nacos.common.remote.client   : [24a4ba93-d433-4bb9-877b-748089cb0682] Register server push request handler:com.alibaba.nacos.client.naming.remote.gprc.NamingPushRequestHandler
19:31:53:695  INFO 20492 --- [main] com.alibaba.nacos.common.remote.client   : [24a4ba93-d433-4bb9-877b-748089cb0682] Try to connect to server on start up, server: {serverIp = '192.168.200.130', server main port = 8848}
19:31:54:495  INFO 20492 --- [main] com.alibaba.nacos.common.remote.client   : [24a4ba93-d433-4bb9-877b-748089cb0682] Success to connect to server [192.168.200.130:8848] on start up, connectionId = 1732793506606_192.168.200.1_49965
19:31:54:495  INFO 20492 --- [com.alibaba.nacos.client.remote.worker] com.alibaba.nacos.common.remote.client   : [24a4ba93-d433-4bb9-877b-748089cb0682] Notify connected event to listeners.
19:31:54:496  INFO 20492 --- [main] com.alibaba.nacos.common.remote.client   : [24a4ba93-d433-4bb9-877b-748089cb0682] Register server push request handler:com.alibaba.nacos.common.remote.client.RpcClient$ConnectResetRequestHandler
19:31:54:496  INFO 20492 --- [main] com.alibaba.nacos.common.remote.client   : [24a4ba93-d433-4bb9-877b-748089cb0682] Register server push request handler:com.alibaba.nacos.common.remote.client.RpcClient$$Lambda$1063/0x0000000801441ed8
19:31:54:544  INFO 20492 --- [main] o.s.b.w.embedded.tomcat.TomcatWebServer  : Tomcat started on port(s): 8084 (http) with context path ''
19:31:54:556  INFO 20492 --- [main] c.a.c.n.registry.NacosServiceRegistry    : nacos registry, DEFAULT_GROUP user-service 192.168.200.1:8084 register finished
19:31:55:119  INFO 20492 --- [nacos-grpc-client-executor-10] com.alibaba.nacos.common.remote.client   : [24a4ba93-d433-4bb9-877b-748089cb0682] Receive server push request, request = NotifySubscriberRequest, requestId = 7
19:31:55:121  INFO 20492 --- [nacos-grpc-client-executor-10] com.alibaba.nacos.common.remote.client   : [24a4ba93-d433-4bb9-877b-748089cb0682] Ack server push request, request = NotifySubscriberRequest, requestId = 7
19:31:55:715  INFO 20492 --- [main] o.s.cloud.commons.util.InetUtils         : Cannot determine local hostname
19:31:55:716  INFO 20492 --- [main] d.s.w.p.DocumentationPluginsBootstrapper : Documentation plugins bootstrapped
19:31:55:719  INFO 20492 --- [main] d.s.w.p.DocumentationPluginsBootstrapper : Found 1 custom documentation plugin(s)
19:31:55:737  INFO 20492 --- [main] s.d.s.w.s.ApiListingReferenceScanner     : Scanning for api listing references
19:31:55:815  INFO 20492 --- [main] com.hmall.user.UserApplication           : Started UserApplication in 9.434 seconds (JVM running for 10.041)
19:36:57:330  INFO 20492 --- [http-nio-8084-exec-2] o.a.c.c.C.[Tomcat].[localhost].[/]       : Initializing Spring DispatcherServlet 'dispatcherServlet'
19:36:57:330  INFO 20492 --- [http-nio-8084-exec-2] o.s.web.servlet.DispatcherServlet        : Initializing Servlet 'dispatcherServlet'
19:36:57:332  INFO 20492 --- [http-nio-8084-exec-2] o.s.web.servlet.DispatcherServlet        : Completed initialization in 2 ms
19:36:57:441  WARN 20492 --- [http-nio-8084-exec-2] c.b.m.c.t.support.ReflectLambdaMeta      : Unable to make field private final java.lang.Class java.lang.invoke.SerializedLambda.capturingClass accessible: module java.base does not "opens java.lang.invoke" to unnamed module @235834f2
19:36:57:452  INFO 20492 --- [http-nio-8084-exec-2] com.zaxxer.hikari.HikariDataSource       : HikariPool-1 - Starting...
19:36:57:620  INFO 20492 --- [http-nio-8084-exec-2] com.zaxxer.hikari.HikariDataSource       : HikariPool-1 - Start completed.
19:36:57:625 DEBUG 20492 --- [http-nio-8084-exec-2] c.h.user.mapper.UserMapper.selectList    : ==>  Preparing: SELECT id,username,password,phone,create_time,update_time,status,balance FROM user WHERE (username = ?)
19:36:57:642 DEBUG 20492 --- [http-nio-8084-exec-2] c.h.user.mapper.UserMapper.selectList    : ==> Parameters: jack(String)
19:36:57:665 DEBUG 20492 --- [http-nio-8084-exec-2] c.h.user.mapper.UserMapper.selectList    : <==      Total: 1
19:52:37:076 DEBUG 20492 --- [http-nio-8084-exec-3] c.h.u.mapper.AddressMapper.selectList    : ==>  Preparing: SELECT id,user_id,province,city,town,mobile,street,contact,is_default,notes FROM address WHERE (user_id = ?)
19:52:37:077 DEBUG 20492 --- [http-nio-8084-exec-3] c.h.u.mapper.AddressMapper.selectList    : ==> Parameters: 1(Long)
19:52:37:080 DEBUG 20492 --- [http-nio-8084-exec-3] c.h.u.mapper.AddressMapper.selectList    : <==      Total: 4
20:02:57:321 DEBUG 20492 --- [http-nio-8084-exec-5] c.h.u.mapper.AddressMapper.selectList    : ==>  Preparing: SELECT id,user_id,province,city,town,mobile,street,contact,is_default,notes FROM address WHERE (user_id = ?)
20:02:57:322 DEBUG 20492 --- [http-nio-8084-exec-5] c.h.u.mapper.AddressMapper.selectList    : ==> Parameters: 1(Long)
20:02:57:330 DEBUG 20492 --- [http-nio-8084-exec-5] c.h.u.mapper.AddressMapper.selectList    : <==      Total: 4
20:06:52:087 DEBUG 20492 --- [http-nio-8084-exec-7] c.h.u.mapper.AddressMapper.selectList    : ==>  Preparing: SELECT id,user_id,province,city,town,mobile,street,contact,is_default,notes FROM address WHERE (user_id = ?)
20:06:52:087 DEBUG 20492 --- [http-nio-8084-exec-7] c.h.u.mapper.AddressMapper.selectList    : ==> Parameters: 1(Long)
20:06:52:090 DEBUG 20492 --- [http-nio-8084-exec-7] c.h.u.mapper.AddressMapper.selectList    : <==      Total: 4
20:10:05:836 DEBUG 20492 --- [http-nio-8084-exec-9] c.h.user.mapper.UserMapper.selectList    : ==>  Preparing: SELECT id,username,password,phone,create_time,update_time,status,balance FROM user WHERE (username = ?)
20:10:05:837 DEBUG 20492 --- [http-nio-8084-exec-9] c.h.user.mapper.UserMapper.selectList    : ==> Parameters: jack(String)
20:10:05:843 DEBUG 20492 --- [http-nio-8084-exec-9] c.h.user.mapper.UserMapper.selectList    : <==      Total: 1
20:10:06:047 DEBUG 20492 --- [http-nio-8084-exec-10] c.h.u.mapper.AddressMapper.selectList    : ==>  Preparing: SELECT id,user_id,province,city,town,mobile,street,contact,is_default,notes FROM address WHERE (user_id = ?)
20:10:06:048 DEBUG 20492 --- [http-nio-8084-exec-10] c.h.u.mapper.AddressMapper.selectList    : ==> Parameters: 1(Long)
20:10:06:057 DEBUG 20492 --- [http-nio-8084-exec-10] c.h.u.mapper.AddressMapper.selectList    : <==      Total: 4
20:20:08:729 DEBUG 20492 --- [http-nio-8084-exec-3] c.h.u.mapper.AddressMapper.selectList    : ==>  Preparing: SELECT id,user_id,province,city,town,mobile,street,contact,is_default,notes FROM address WHERE (user_id = ?)
20:20:08:730 DEBUG 20492 --- [http-nio-8084-exec-3] c.h.u.mapper.AddressMapper.selectList    : ==> Parameters: 1(Long)
20:20:08:745 DEBUG 20492 --- [http-nio-8084-exec-3] c.h.u.mapper.AddressMapper.selectList    : <==      Total: 4
20:20:09:574 DEBUG 20492 --- [http-nio-8084-exec-1] c.h.u.mapper.AddressMapper.selectList    : ==>  Preparing: SELECT id,user_id,province,city,town,mobile,street,contact,is_default,notes FROM address WHERE (user_id = ?)
20:20:09:576 DEBUG 20492 --- [http-nio-8084-exec-1] c.h.u.mapper.AddressMapper.selectList    : ==> Parameters: 1(Long)
20:20:09:579 DEBUG 20492 --- [http-nio-8084-exec-1] c.h.u.mapper.AddressMapper.selectList    : <==      Total: 4
20:27:47:511 DEBUG 20492 --- [http-nio-8084-exec-10] c.h.u.mapper.AddressMapper.selectList    : ==>  Preparing: SELECT id,user_id,province,city,town,mobile,street,contact,is_default,notes FROM address WHERE (user_id = ?)
20:27:47:512 DEBUG 20492 --- [http-nio-8084-exec-10] c.h.u.mapper.AddressMapper.selectList    : ==> Parameters: 1(Long)
20:27:47:515 DEBUG 20492 --- [http-nio-8084-exec-10] c.h.u.mapper.AddressMapper.selectList    : <==      Total: 4
20:27:55:103 DEBUG 20492 --- [http-nio-8084-exec-8] c.h.user.mapper.UserMapper.selectList    : ==>  Preparing: SELECT id,username,password,phone,create_time,update_time,status,balance FROM user WHERE (username = ?)
20:27:55:103 DEBUG 20492 --- [http-nio-8084-exec-8] c.h.user.mapper.UserMapper.selectList    : ==> Parameters: jack(String)
20:27:55:106 DEBUG 20492 --- [http-nio-8084-exec-8] c.h.user.mapper.UserMapper.selectList    : <==      Total: 1
20:27:55:287 DEBUG 20492 --- [http-nio-8084-exec-4] c.h.u.mapper.AddressMapper.selectList    : ==>  Preparing: SELECT id,user_id,province,city,town,mobile,street,contact,is_default,notes FROM address WHERE (user_id = ?)
20:27:55:287 DEBUG 20492 --- [http-nio-8084-exec-4] c.h.u.mapper.AddressMapper.selectList    : ==> Parameters: 1(Long)
20:27:55:289 DEBUG 20492 --- [http-nio-8084-exec-4] c.h.u.mapper.AddressMapper.selectList    : <==      Total: 4
20:28:54:271  INFO 20492 --- [http-nio-8084-exec-2] c.h.user.service.impl.UserServiceImpl    : 开始扣款
20:28:54:275 DEBUG 20492 --- [http-nio-8084-exec-2] c.h.user.mapper.UserMapper.selectById    : ==>  Preparing: SELECT id,username,password,phone,create_time,update_time,status,balance FROM user WHERE id=?
20:28:54:275 DEBUG 20492 --- [http-nio-8084-exec-2] c.h.user.mapper.UserMapper.selectById    : ==> Parameters: 1(Long)
20:28:54:276 DEBUG 20492 --- [http-nio-8084-exec-2] c.h.user.mapper.UserMapper.selectById    : <==      Total: 1
20:28:54:362 DEBUG 20492 --- [http-nio-8084-exec-2] c.h.user.mapper.UserMapper.updateMoney   : ==>  Preparing: update user set balance = balance - 58800 where id = ?
20:28:54:363 DEBUG 20492 --- [http-nio-8084-exec-2] c.h.user.mapper.UserMapper.updateMoney   : ==> Parameters: 1(Long)
20:28:54:366 DEBUG 20492 --- [http-nio-8084-exec-2] c.h.user.mapper.UserMapper.updateMoney   : <==    Updates: 1
20:28:54:367  INFO 20492 --- [http-nio-8084-exec-2] c.h.user.service.impl.UserServiceImpl    : 扣款成功
20:31:33:339 DEBUG 20492 --- [http-nio-8084-exec-5] c.h.u.mapper.AddressMapper.selectList    : ==>  Preparing: SELECT id,user_id,province,city,town,mobile,street,contact,is_default,notes FROM address WHERE (user_id = ?)
20:31:33:339 DEBUG 20492 --- [http-nio-8084-exec-5] c.h.u.mapper.AddressMapper.selectList    : ==> Parameters: 1(Long)
20:31:33:342 DEBUG 20492 --- [http-nio-8084-exec-5] c.h.u.mapper.AddressMapper.selectList    : <==      Total: 4
20:31:39:724  INFO 20492 --- [http-nio-8084-exec-3] c.h.user.service.impl.UserServiceImpl    : 开始扣款
20:31:39:728 DEBUG 20492 --- [http-nio-8084-exec-3] c.h.user.mapper.UserMapper.selectById    : ==>  Preparing: SELECT id,username,password,phone,create_time,update_time,status,balance FROM user WHERE id=?
20:31:39:728 DEBUG 20492 --- [http-nio-8084-exec-3] c.h.user.mapper.UserMapper.selectById    : ==> Parameters: 1(Long)
20:31:39:730 DEBUG 20492 --- [http-nio-8084-exec-3] c.h.user.mapper.UserMapper.selectById    : <==      Total: 1
20:31:39:812 DEBUG 20492 --- [http-nio-8084-exec-3] c.h.user.mapper.UserMapper.updateMoney   : ==>  Preparing: update user set balance = balance - 9700 where id = ?
20:31:39:813 DEBUG 20492 --- [http-nio-8084-exec-3] c.h.user.mapper.UserMapper.updateMoney   : ==> Parameters: 1(Long)
20:31:39:816 DEBUG 20492 --- [http-nio-8084-exec-3] c.h.user.mapper.UserMapper.updateMoney   : <==    Updates: 1
20:31:39:818  INFO 20492 --- [http-nio-8084-exec-3] c.h.user.service.impl.UserServiceImpl    : 扣款成功
